00:00:00.001289 main     VirtualBox COM Server 6.1.14 r140239 win.amd64 (Sep  4 2020 08:29:36) release log
00:00:00.001290 main     Log opened 2020-10-19T14:33:31.034589800Z
00:00:00.001291 main     Build Type: release
00:00:00.001349 main     OS Product: Windows 10
00:00:00.001350 main     OS Release: 10.0.18362
00:00:00.001351 main     OS Service Pack: 
00:00:00.013752 main     DMI Product Name: GF63 Thin 10SCXR
00:00:00.020444 main     DMI Product Version: REV:1.0
00:00:00.020474 main     Firmware type: UEFI
00:00:00.020654 main     Secure Boot: VERR_PRIVILEGE_NOT_HELD
00:00:00.020722 main     Host RAM: 24393MB (23.8GB) total, 10182MB (9.9GB) available
00:00:00.020733 main     Executable: C:\Program Files\Oracle\VirtualBox\VBoxSVC.exe
00:00:00.020734 main     Process ID: 3628
00:00:00.020734 main     Package type: WINDOWS_64BITS_GENERIC
00:00:00.073895          VirtualBox: object creation starts
00:00:00.074178          Home directory: 'C:\Users\SGI\.VirtualBox'
00:00:00.074287          Installed Drivers:
00:00:00.081145            C:\WINDOWS\system32\DRIVERS\VBoxDrv.sys (Version: 6.1.14.40239)
00:00:00.081376            C:\WINDOWS\system32\DRIVERS\VBoxUSBMon.sys (Version: 6.1.14.40239)
00:00:00.081567            C:\WINDOWS\system32\DRIVERS\VBoxNetAdp6.sys (Version: 6.1.14.40239)
00:00:00.081831            C:\WINDOWS\system32\DRIVERS\VBoxNetLwf.sys (Version: 6.1.14.40239)
00:00:00.084056          usbLibGetDevices: Starting USB device enumeration
00:00:00.085379          Getting USB descriptor (id 0) failed (dwErr=31) on hub USB#ROOT_HUB30#4&2151a42&0&0#{f18a0e88-c30c-11d0-8815-00a0c906bed8} port 14
00:00:00.086544          usbLibGetDevices: Found 2 USB devices, 0 captured
00:00:00.086643          USB: Unknown USB device detected (idVendor: 0x2188, idProduct: 0x0ae1)
00:00:00.086763          USB: Unknown USB device detected (idVendor: 0x8087, idProduct: 0x0026)
00:00:00.109162          HostDnsMonitor: initializing
00:00:00.116389          HostDnsMonitor: updating information
00:00:00.116449          HostDnsMonitor: old information
00:00:00.116450            no server entries
00:00:00.116451            no domain set
00:00:00.116451            no search string entries
00:00:00.116452          HostDnsMonitor: new information
00:00:00.116452            server 1: 10.188.0.1
00:00:00.116453            no domain set
00:00:00.116453            no search string entries
00:00:00.161818          VD: VDInit finished with VINF_SUCCESS
00:00:00.162788          VirtualBox: object created
00:00:01.350849          Saving settings file "C:\Users\SGI\.VirtualBox\VirtualBox.xml" with version "1.12-windows"
00:00:01.357666          Saving settings file "C:\Users\SGI\.VirtualBox\VirtualBox.xml" with version "1.12-windows"
00:58:53.032803          Saving settings file "C:\Users\SGI\.VirtualBox\VirtualBox.xml" with version "1.12-windows"
00:58:53.123102          Saving settings file "C:\Users\SGI\.VirtualBox\VirtualBox.xml" with version "1.12-windows"
00:58:53.137753          Saving settings file "C:\Users\SGI\.VirtualBox\VirtualBox.xml" with version "1.12-windows"
00:58:53.145977          Saving settings file "C:\Users\SGI\.VirtualBox\VirtualBox.xml" with version "1.12-windows"
00:58:53.153527          Saving settings file "C:\Users\SGI\.VirtualBox\VirtualBox.xml" with version "1.12-windows"
00:58:53.163448          Saving settings file "C:\Users\SGI\.VirtualBox\VirtualBox.xml" with version "1.12-windows"
00:58:58.680020 main     VirtualBox: object deletion starts
00:58:58.681914 main     HostDnsMonitor: shutting down ...
00:58:58.682123 main     HostDnsMonitor: shut down
00:58:58.686238 Watcher  ERROR [COM]: aRC=E_ACCESSDENIED (0x80070005) aIID={d0a0163f-e254-4e5b-a1f2-011cf991c38d} aComponent={VirtualBoxWrap} aText={The object is not ready}, preserve=false aResultDetail=0
00:58:58.686640 main     VirtualBox: object deleted
